[0.570s] Invoking command in '/home/azay/sofar_assignment_ws/src/my_package': PYTHONPATH=/home/azay/sofar_assignment_ws/install/my_package/lib/python3.8/site-packages:${PYTHONPATH} /usr/bin/python3 setup.py egg_info --egg-base ../../build/my_package build --build-base /home/azay/sofar_assignment_ws/build/my_package/build install --prefix /home/azay/sofar_assignment_ws/install/my_package --record /home/azay/sofar_assignment_ws/build/my_package/install.log --single-version-externally-managed
[0.771s] running egg_info
[0.771s] creating ../../build/my_package/my_package.egg-info
[0.771s] writing ../../build/my_package/my_package.egg-info/PKG-INFO
[0.772s] writing dependency_links to ../../build/my_package/my_package.egg-info/dependency_links.txt
[0.772s] writing entry points to ../../build/my_package/my_package.egg-info/entry_points.txt
[0.772s] writing requirements to ../../build/my_package/my_package.egg-info/requires.txt
[0.772s] writing top-level names to ../../build/my_package/my_package.egg-info/top_level.txt
[0.773s] writing manifest file '../../build/my_package/my_package.egg-info/SOURCES.txt'
[0.802s] reading manifest file '../../build/my_package/my_package.egg-info/SOURCES.txt'
[0.803s] writing manifest file '../../build/my_package/my_package.egg-info/SOURCES.txt'
[0.803s] running build
[0.803s] running build_py
[0.803s] creating /home/azay/sofar_assignment_ws/build/my_package/build
[0.803s] creating /home/azay/sofar_assignment_ws/build/my_package/build/lib
[0.803s] creating /home/azay/sofar_assignment_ws/build/my_package/build/lib/my_package
[0.803s] copying my_package/__init__.py -> /home/azay/sofar_assignment_ws/build/my_package/build/lib/my_package
[0.803s] copying my_package/my_robot_driver.py -> /home/azay/sofar_assignment_ws/build/my_package/build/lib/my_package
[0.804s] running install
[0.804s] running install_lib
[0.805s] creating /home/azay/sofar_assignment_ws/install/my_package/lib/python3.8/site-packages/my_package
[0.805s] copying /home/azay/sofar_assignment_ws/build/my_package/build/lib/my_package/__init__.py -> /home/azay/sofar_assignment_ws/install/my_package/lib/python3.8/site-packages/my_package
[0.805s] copying /home/azay/sofar_assignment_ws/build/my_package/build/lib/my_package/my_robot_driver.py -> /home/azay/sofar_assignment_ws/install/my_package/lib/python3.8/site-packages/my_package
[0.805s] byte-compiling /home/azay/sofar_assignment_ws/install/my_package/lib/python3.8/site-packages/my_package/__init__.py to __init__.cpython-38.pyc
[0.806s] byte-compiling /home/azay/sofar_assignment_ws/install/my_package/lib/python3.8/site-packages/my_package/my_robot_driver.py to my_robot_driver.cpython-38.pyc
[0.806s] running install_data
[0.807s] creating /home/azay/sofar_assignment_ws/install/my_package/share/ament_index
[0.807s] creating /home/azay/sofar_assignment_ws/install/my_package/share/ament_index/resource_index
[0.807s] creating /home/azay/sofar_assignment_ws/install/my_package/share/ament_index/resource_index/packages
[0.807s] copying resource/my_package -> /home/azay/sofar_assignment_ws/install/my_package/share/ament_index/resource_index/packages
[0.807s] creating /home/azay/sofar_assignment_ws/install/my_package/share/my_package/launch
[0.807s] copying launch/robot_launch.py -> /home/azay/sofar_assignment_ws/install/my_package/share/my_package/launch
[0.808s] creating /home/azay/sofar_assignment_ws/install/my_package/share/my_package/worlds
[0.808s] copying worlds/my_world.wbt -> /home/azay/sofar_assignment_ws/install/my_package/share/my_package/worlds
[0.808s] creating /home/azay/sofar_assignment_ws/install/my_package/share/my_package/resource
[0.808s] copying resource/my_robot.urdf -> /home/azay/sofar_assignment_ws/install/my_package/share/my_package/resource
[0.808s] copying package.xml -> /home/azay/sofar_assignment_ws/install/my_package/share/my_package
[0.808s] running install_egg_info
[0.809s] Copying ../../build/my_package/my_package.egg-info to /home/azay/sofar_assignment_ws/install/my_package/lib/python3.8/site-packages/my_package-0.0.0-py3.8.egg-info
[0.809s] running install_scripts
[0.824s] Installing my_robot_driver script to /home/azay/sofar_assignment_ws/install/my_package/lib/my_package
[0.824s] writing list of installed files to '/home/azay/sofar_assignment_ws/build/my_package/install.log'
[0.844s] Invoked command in '/home/azay/sofar_assignment_ws/src/my_package' returned '0': PYTHONPATH=/home/azay/sofar_assignment_ws/install/my_package/lib/python3.8/site-packages:${PYTHONPATH} /usr/bin/python3 setup.py egg_info --egg-base ../../build/my_package build --build-base /home/azay/sofar_assignment_ws/build/my_package/build install --prefix /home/azay/sofar_assignment_ws/install/my_package --record /home/azay/sofar_assignment_ws/build/my_package/install.log --single-version-externally-managed
